<?xml version="1.0" encoding="UTF-8"?>
<testsuite xmlns:xsi="http://www.w3.org/2001/XMLSchema-instance" xsi:noNamespaceSchemaLocation="https://maven.apache.org/surefire/maven-surefire-plugin/xsd/surefire-test-report-3.0.xsd" version="3.0" name="com.cs509.atm.services.TransactionServiceTest" time="0.527" tests="3" errors="0" skipped="0" failures="0">
  <properties>
[...]
</properties>
  <testcase name="testCreateWithdrawTransaction" classname="com.cs509.atm.services.TransactionServiceTest" time="0.019">
    <system-out><![CDATA[2024-04-29 21:18:46.974  INFO 97356 --- [           main] .b.t.c.SpringBootTestContextBootstrapper : Neither @ContextConfiguration nor @ContextHierarchy found for test class [com.cs509.atm.services.TransactionServiceTest], using SpringBootContextLoader
2024-04-29 21:18:46.975  INFO 97356 --- [           main] o.s.t.c.support.AbstractContextLoader    : Could not detect default resource locations for test class [com.cs509.atm.services.TransactionServiceTest]: no resource found for suffixes {-context.xml, Context.groovy}.
2024-04-29 21:18:46.980  INFO 97356 --- [           main] .b.t.c.SpringBootTestContextBootstrapper : Loaded default TestExecutionListener class names from location [META-INF/spring.factories]: [org.springframework.boot.test.mock.mockito.MockitoTestExecutionListener, org.springframework.boot.test.mock.mockito.ResetMocksTestExecutionListener, org.springframework.boot.test.autoconfigure.restdocs.RestDocsTestExecutionListener, org.springframework.boot.test.autoconfigure.web.client.MockRestServiceServerResetTestExecutionListener, org.springframework.boot.test.autoconfigure.web.servlet.MockMvcPrintOnlyOnFailureTestExecutionListener, org.springframework.boot.test.autoconfigure.web.servlet.WebDriverTestExecutionListener, org.springframework.boot.test.autoconfigure.webservices.client.MockWebServiceServerTestExecutionListener, org.springframework.test.context.web.ServletTestExecutionListener, org.springframework.test.context.support.DirtiesContextBeforeModesTestExecutionListener, org.springframework.test.context.event.ApplicationEventsTestExecutionListener, org.springframework.test.context.support.DependencyInjectionTestExecutionListener, org.springframework.test.context.support.DirtiesContextTestExecutionListener, org.springframework.test.context.transaction.TransactionalTestExecutionListener, org.springframework.test.context.jdbc.SqlScriptsTestExecutionListener, org.springframework.test.context.event.EventPublishingTestExecutionListener]
2024-04-29 21:18:46.982  INFO 97356 --- [           main] .b.t.c.SpringBootTestContextBootstrapper : Using TestExecutionListeners: [org.springframework.test.context.support.DirtiesContextBeforeModesTestExecutionListener@29d33f1, org.springframework.test.context.event.ApplicationEventsTestExecutionListener@77e5c765, org.springframework.boot.test.mock.mockito.MockitoTestExecutionListener@5daa621b, org.springframework.boot.test.autoconfigure.SpringBootDependencyInjectionTestExecutionListener@24a7725d, org.springframework.test.context.support.DirtiesContextTestExecutionListener@4fcedf83, org.springframework.test.context.transaction.TransactionalTestExecutionListener@16c9f7f0, org.springframework.test.context.jdbc.SqlScriptsTestExecutionListener@187df588, org.springframework.test.context.event.EventPublishingTestExecutionListener@7d75940, org.springframework.boot.test.mock.mockito.ResetMocksTestExecutionListener@3e5cbcfe, org.springframework.boot.test.autoconfigure.restdocs.RestDocsTestExecutionListener@6773bab2, org.springframework.boot.test.autoconfigure.web.client.MockRestServiceServerResetTestExecutionListener@1055d261, org.springframework.boot.test.autoconfigure.web.servlet.MockMvcPrintOnlyOnFailureTestExecutionListener@2d758472, org.springframework.boot.test.autoconfigure.web.servlet.WebDriverTestExecutionListener@7615666e, org.springframework.boot.test.autoconfigure.webservices.client.MockWebServiceServerTestExecutionListener@c49e434]

  .   ____          _            __ _ _
 /\\ / ___'_ __ _ _(_)_ __  __ _ \ \ \ \
( ( )\___ | '_ | '_| | '_ \/ _` | \ \ \ \
 \\/  ___)| |_)| | | | | || (_| |  ) ) ) )
  '  |____| .__|_| |_|_| |_\__, | / / / /
 =========|_|==============|___/=/_/_/_/
 :: Spring Boot ::                (v2.5.6)

2024-04-29 21:18:47.069  INFO 97356 --- [           main] c.c.atm.services.TransactionServiceTest  : Starting TransactionServiceTest using Java 21.0.2 on Marios-MBP with PID 97356 (started by mariozyla in /Users/mariozyla/Documents/CS509/CS509midterm/cs509-atm)
2024-04-29 21:18:47.075  INFO 97356 --- [           main] c.c.atm.services.TransactionServiceTest  : No active profile set, falling back to default profiles: default
2024-04-29 21:18:47.447  INFO 97356 --- [           main] c.c.atm.services.TransactionServiceTest  : Started TransactionServiceTest in 0.459 seconds (JVM running for 6.133)
WITHDRAW successful.
Account ID: 12345
Date: Mon Apr 29 21:18:47 EDT 2024
Balance: 850.0
]]></system-out>
  </testcase>
  <testcase name="testCreateDepositTransaction" classname="com.cs509.atm.services.TransactionServiceTest" time="0.013">
    <system-out><![CDATA[DEPOSIT successful.
Account ID: 12345
Date: Mon Apr 29 21:18:47 EDT 2024
Balance: 1200.0
]]></system-out>
  </testcase>
  <testcase name="testCreateUnsupportedTransactionType" classname="com.cs509.atm.services.TransactionServiceTest" time="0.005"/>
</testsuite>