<?xml version="1.0" encoding="UTF-8"?>
<testsuite xmlns:xsi="http://www.w3.org/2001/XMLSchema-instance" xsi:noNamespaceSchemaLocation="https://maven.apache.org/surefire/maven-surefire-plugin/xsd/surefire-test-report-3.0.xsd" version="3.0" name="com.cs509.atm.services.AccountServiceTest" time="4.136" tests="7" errors="0" skipped="0" failures="0">
  <properties>
[...]
</properties>
  <testcase name="testFindByIdSuccess" classname="com.cs509.atm.services.AccountServiceTest" time="0.094">
    <system-out><![CDATA[21:18:43.037 [main] DEBUG org.springframework.test.context.BootstrapUtils - Instantiating CacheAwareContextLoaderDelegate from class [org.springframework.test.context.cache.DefaultCacheAwareContextLoaderDelegate]
21:18:43.063 [main] DEBUG org.springframework.test.context.BootstrapUtils - Instantiating BootstrapContext using constructor [public org.springframework.test.context.support.DefaultBootstrapContext(java.lang.Class,org.springframework.test.context.CacheAwareContextLoaderDelegate)]
21:18:43.168 [main] DEBUG org.springframework.test.context.BootstrapUtils - Instantiating TestContextBootstrapper for test class [com.cs509.atm.services.AccountServiceTest] from class [org.springframework.boot.test.context.SpringBootTestContextBootstrapper]
21:18:43.207 [main] INFO org.springframework.boot.test.context.SpringBootTestContextBootstrapper - Neither @ContextConfiguration nor @ContextHierarchy found for test class [com.cs509.atm.services.AccountServiceTest], using SpringBootContextLoader
21:18:43.213 [main] DEBUG org.springframework.test.context.support.AbstractContextLoader - Did not detect default resource location for test class [com.cs509.atm.services.AccountServiceTest]: class path resource [com/cs509/atm/services/AccountServiceTest-context.xml] does not exist
21:18:43.213 [main] DEBUG org.springframework.test.context.support.AbstractContextLoader - Did not detect default resource location for test class [com.cs509.atm.services.AccountServiceTest]: class path resource [com/cs509/atm/services/AccountServiceTestContext.groovy] does not exist
21:18:43.214 [main] INFO org.springframework.test.context.support.AbstractContextLoader - Could not detect default resource locations for test class [com.cs509.atm.services.AccountServiceTest]: no resource found for suffixes {-context.xml, Context.groovy}.
21:18:43.345 [main] DEBUG org.springframework.test.context.support.ActiveProfilesUtils - Could not find an 'annotation declaring class' for annotation type [org.springframework.test.context.ActiveProfiles] and class [com.cs509.atm.services.AccountServiceTest]
21:18:43.606 [main] DEBUG org.springframework.boot.test.context.SpringBootTestContextBootstrapper - @TestExecutionListeners is not present for class [com.cs509.atm.services.AccountServiceTest]: using defaults.
21:18:43.607 [main] INFO org.springframework.boot.test.context.SpringBootTestContextBootstrapper - Loaded default TestExecutionListener class names from location [META-INF/spring.factories]: [org.springframework.boot.test.mock.mockito.MockitoTestExecutionListener, org.springframework.boot.test.mock.mockito.ResetMocksTestExecutionListener, org.springframework.boot.test.autoconfigure.restdocs.RestDocsTestExecutionListener, org.springframework.boot.test.autoconfigure.web.client.MockRestServiceServerResetTestExecutionListener, org.springframework.boot.test.autoconfigure.web.servlet.MockMvcPrintOnlyOnFailureTestExecutionListener, org.springframework.boot.test.autoconfigure.web.servlet.WebDriverTestExecutionListener, org.springframework.boot.test.autoconfigure.webservices.client.MockWebServiceServerTestExecutionListener, org.springframework.test.context.web.ServletTestExecutionListener, org.springframework.test.context.support.DirtiesContextBeforeModesTestExecutionListener, org.springframework.test.context.event.ApplicationEventsTestExecutionListener, org.springframework.test.context.support.DependencyInjectionTestExecutionListener, org.springframework.test.context.support.DirtiesContextTestExecutionListener, org.springframework.test.context.transaction.TransactionalTestExecutionListener, org.springframework.test.context.jdbc.SqlScriptsTestExecutionListener, org.springframework.test.context.event.EventPublishingTestExecutionListener]
21:18:43.621 [main] DEBUG org.springframework.boot.test.context.SpringBootTestContextBootstrapper - Skipping candidate TestExecutionListener [org.springframework.test.context.web.ServletTestExecutionListener] due to a missing dependency. Specify custom listener classes or make the default listener classes and their required dependencies available. Offending class: [javax/servlet/ServletContext]
21:18:43.636 [main] INFO org.springframework.boot.test.context.SpringBootTestContextBootstrapper - Using TestExecutionListeners: [org.springframework.test.context.support.DirtiesContextBeforeModesTestExecutionListener@4ad3d266, org.springframework.test.context.event.ApplicationEventsTestExecutionListener@3533df16, org.springframework.boot.test.mock.mockito.MockitoTestExecutionListener@15d0849, org.springframework.boot.test.autoconfigure.SpringBootDependencyInjectionTestExecutionListener@4038cd3a, org.springframework.test.context.support.DirtiesContextTestExecutionListener@14ac77b9, org.springframework.test.context.transaction.TransactionalTestExecutionListener@3f4cd155, org.springframework.test.context.jdbc.SqlScriptsTestExecutionListener@563a89b5, org.springframework.test.context.event.EventPublishingTestExecutionListener@506dcf55, org.springframework.boot.test.mock.mockito.ResetMocksTestExecutionListener@270b6b5e, org.springframework.boot.test.autoconfigure.restdocs.RestDocsTestExecutionListener@7e94d093, org.springframework.boot.test.autoconfigure.web.client.MockRestServiceServerResetTestExecutionListener@7c6189d5, org.springframework.boot.test.autoconfigure.web.servlet.MockMvcPrintOnlyOnFailureTestExecutionListener@4248e66b, org.springframework.boot.test.autoconfigure.web.servlet.WebDriverTestExecutionListener@3e6534e7, org.springframework.boot.test.autoconfigure.webservices.client.MockWebServiceServerTestExecutionListener@66ad7bf0]
21:18:43.644 [main] DEBUG org.springframework.test.context.support.AbstractDirtiesContextTestExecutionListener - Before test class: context [DefaultTestContext@3971f0fe testClass = AccountServiceTest, testInstance = [null], testMethod = [null], testException = [null], mergedContextConfiguration = [MergedContextConfiguration@23940f86 testClass = AccountServiceTest, locations = '{}', classes = '{class com.cs509.services.AccountService}', contextInitializerClasses = '[]', activeProfiles = '{}', propertySourceLocations = '{}', propertySourceProperties = '{org.springframework.boot.test.context.SpringBootTestContextBootstrapper=true}', contextCustomizers = set[[ImportsContextCustomizer@66153688 key = [@org.springframework.boot.autoconfigure.EnableAutoConfiguration(exclude={org.springframework.boot.autoconfigure.jdbc.DataSourceAutoConfiguration.class, org.springframework.boot.autoconfigure.orm.jpa.HibernateJpaAutoConfiguration.class}, excludeName={}), @org.springframework.test.context.BootstrapWith(org.springframework.boot.test.context.SpringBootTestContextBootstrapper.class), @org.springframework.context.annotation.Import({org.springframework.boot.autoconfigure.AutoConfigurationImportSelector.class}), @org.springframework.boot.test.context.SpringBootTest(args={}, webEnvironment=MOCK, value={}, properties={}, classes={com.cs509.services.AccountService.class}), @org.apiguardian.api.API(consumers={"*"}, since="5.0", status=STABLE), @org.springframework.boot.autoconfigure.AutoConfigurationPackage(basePackages={}, basePackageClasses={}), @org.springframework.context.annotation.Import({org.springframework.boot.autoconfigure.AutoConfigurationPackages.Registrar.class}), @org.junit.jupiter.api.extension.ExtendWith({org.springframework.test.context.junit.jupiter.SpringExtension.class})]], org.springframework.boot.test.context.filter.ExcludeFilterContextCustomizer@55a8dc49, org.springframework.boot.test.json.DuplicateJsonObjectContextCustomizerFactory$DuplicateJsonObjectContextCustomizer@62b3df3a, org.springframework.boot.test.mock.mockito.MockitoContextCustomizer@53a8e52f, org.springframework.boot.test.web.client.TestRestTemplateContextCustomizer@14a54ef6, org.springframework.boot.test.autoconfigure.actuate.metrics.MetricsExportContextCustomizerFactory$DisableMetricExportContextCustomizer@7da10b5b, org.springframework.boot.test.autoconfigure.properties.PropertyMappingContextCustomizer@0, org.springframework.boot.test.autoconfigure.web.servlet.WebDriverContextCustomizerFactory$Customizer@503fbbc6, org.springframework.boot.test.context.SpringBootTestArgs@1, org.springframework.boot.test.context.SpringBootTestWebEnvironment@4082ba93], contextLoader = 'org.springframework.boot.test.context.SpringBootContextLoader', parent = [null]], attributes = map[[empty]]], class annotated with @DirtiesContext [false] with mode [null].
21:18:43.742 [main] DEBUG org.springframework.test.context.support.TestPropertySourceUtils - Adding inlined properties to environment: {spring.jmx.enabled=false, org.springframework.boot.test.context.SpringBootTestContextBootstrapper=true}

  .   ____          _            __ _ _
 /\\ / ___'_ __ _ _(_)_ __  __ _ \ \ \ \
( ( )\___ | '_ | '_| | '_ \/ _` | \ \ \ \
 \\/  ___)| |_)| | | | | || (_| |  ) ) ) )
  '  |____| .__|_| |_|_| |_\__, | / / / /
 =========|_|==============|___/=/_/_/_/
 :: Spring Boot ::                (v2.5.6)

2024-04-29 21:18:44.296  INFO 97356 --- [           main] c.cs509.atm.services.AccountServiceTest  : Starting AccountServiceTest using Java 21.0.2 on Marios-MBP with PID 97356 (started by mariozyla in /Users/mariozyla/Documents/CS509/CS509midterm/cs509-atm)
2024-04-29 21:18:44.302  INFO 97356 --- [           main] c.cs509.atm.services.AccountServiceTest  : No active profile set, falling back to default profiles: default
2024-04-29 21:18:46.779  INFO 97356 --- [           main] c.cs509.atm.services.AccountServiceTest  : Started AccountServiceTest in 3.032 seconds (JVM running for 5.465)
]]></system-out>
  </testcase>
  <testcase name="testCreateAccount" classname="com.cs509.atm.services.AccountServiceTest" time="0.018"/>
  <testcase name="testLoginSuccess" classname="com.cs509.atm.services.AccountServiceTest" time="0.008"/>
  <testcase name="testUpdateAccount" classname="com.cs509.atm.services.AccountServiceTest" time="0.006"/>
  <testcase name="testLoginFailure" classname="com.cs509.atm.services.AccountServiceTest" time="0.01"/>
  <testcase name="testFindByIdNotFound" classname="com.cs509.atm.services.AccountServiceTest" time="0.004"/>
  <testcase name="testDeleteAccount" classname="com.cs509.atm.services.AccountServiceTest" time="0.008"/>
</testsuite>